<?xml version="1.0" encoding="UTF-8"?>
<robot generator="Robot 5.0.1 (Python 3.10.5 on darwin)" generated="20220705 13:30:03.723" rpa="false" schemaversion="3">
<suite id="s1" name="Android Login Test" source="/Users/Jay/Desktop/Robot-Framework-Android/Tests/Android_Login_Test.robot">
<test id="s1-t1" name="User Logs in and Logs out from the App" line="38">
<kw name="BeforeTest" library="TestSetup" type="SETUP">
<kw name="Launch App" library="TestSetupHelper">
<arg>${APPIUM_PORT}</arg>
<arg>${PLATFORM_NAME}</arg>
<arg>${PLATFORM_VERSION}</arg>
<arg>${APP}</arg>
<arg>${APP_PACKAGE}</arg>
<arg>${APP_ACTIVITY}</arg>
<arg>${TIMEOUT}</arg>
<kw name="Set Appium Timeout" library="AppiumLibrary">
<arg>${TIMEOUT}</arg>
<doc>Sets the timeout in seconds used by various keywords.</doc>
<status status="PASS" starttime="20220705 13:30:03.902" endtime="20220705 13:30:03.902"/>
</kw>
<kw name="Open Application" library="AppiumLibrary">
<arg>http://127.0.0.1:${APPIUM_PORT}/wd/hub</arg>
<arg>platformName=${PLATFORM_NAME}</arg>
<arg>platformVersion=${PLATFORM_VERSION}</arg>
<arg>app=${APP}</arg>
<arg>appPackage= ${APP_PACKAGE}</arg>
<arg>appActivity=${APP_ACTIVITY}</arg>
<doc>Opens a new application to given Appium server.
Capabilities of appium server, Android and iOS,
Please check https://github.com/appium/appium/blob/master/docs/en/writing-running-appium/server-args.md
| *Option*            | *Man.* | *Description*     |
| remote_url          | Yes    | Appium server url |
| alias               | no     | alias             |</doc>
<status status="PASS" starttime="20220705 13:30:03.902" endtime="20220705 13:30:15.419"/>
</kw>
<status status="PASS" starttime="20220705 13:30:03.901" endtime="20220705 13:30:15.419"/>
</kw>
<status status="PASS" starttime="20220705 13:30:03.901" endtime="20220705 13:30:15.419"/>
</kw>
<kw name="LandingScreen.TitleAndMessageVisible" library="LandingScreen">
<kw name="Wait Until Page Contains Element" library="AppiumLibrary">
<arg>${WELCOME_TITLE}</arg>
<doc>Waits until element specified with `locator` appears on current page.</doc>
<status status="PASS" starttime="20220705 13:30:15.420" endtime="20220705 13:30:19.989"/>
</kw>
<kw name="Wait Until Element Is Visible" library="AppiumLibrary">
<arg>${WELCOME_TITLE}</arg>
<doc>Waits until element specified with `locator` is visible.</doc>
<status status="PASS" starttime="20220705 13:30:19.989" endtime="20220705 13:30:20.573"/>
</kw>
<kw name="Wait Until Element Is Visible" library="AppiumLibrary">
<arg>${WELCOME_MESSAGE}</arg>
<doc>Waits until element specified with `locator` is visible.</doc>
<status status="PASS" starttime="20220705 13:30:20.573" endtime="20220705 13:30:20.633"/>
</kw>
<status status="PASS" starttime="20220705 13:30:15.419" endtime="20220705 13:30:20.634"/>
</kw>
<kw name="LandingScreen.WaitAndClickLetsGoButton" library="LandingScreen">
<kw name="Wait Until Element Is Visible" library="AppiumLibrary">
<arg>${LETS_GO_BUTTON}</arg>
<doc>Waits until element specified with `locator` is visible.</doc>
<status status="PASS" starttime="20220705 13:30:20.634" endtime="20220705 13:30:20.677"/>
</kw>
<kw name="Click Element" library="AppiumLibrary">
<arg>${LETS_GO_BUTTON}</arg>
<doc>Click element identified by `locator`.</doc>
<msg timestamp="20220705 13:30:20.679" level="INFO">Clicking element 'xpath=//android.widget.Button[@content-desc="Let's go!, Tap to get started, answering two quick questions and improving our services"]'.</msg>
<status status="PASS" starttime="20220705 13:30:20.677" endtime="20220705 13:30:20.773"/>
</kw>
<status status="PASS" starttime="20220705 13:30:20.634" endtime="20220705 13:30:20.773"/>
</kw>
<kw name="LandingScreen.WhatInterestsYou?Screen" library="LandingScreen">
<kw name="Wait Until Element Is Visible" library="AppiumLibrary">
<arg>${WHAT_INTERESTS_YOU?_TITLE}</arg>
<doc>Waits until element specified with `locator` is visible.</doc>
<status status="PASS" starttime="20220705 13:30:20.774" endtime="20220705 13:30:22.223"/>
</kw>
<kw name="Wait Until Element Is Visible" library="AppiumLibrary">
<arg>${TECHNOLOGY_GROUP}</arg>
<doc>Waits until element specified with `locator` is visible.</doc>
<status status="PASS" starttime="20220705 13:30:22.223" endtime="20220705 13:30:22.335"/>
</kw>
<kw name="Click Element" library="AppiumLibrary">
<arg>${TECHNOLOGY_GROUP}</arg>
<doc>Click element identified by `locator`.</doc>
<msg timestamp="20220705 13:30:22.337" level="INFO">Clicking element 'xpath=//android.widget.TextView[@text='Technology']'.</msg>
<status status="PASS" starttime="20220705 13:30:22.335" endtime="20220705 13:30:22.484"/>
</kw>
<kw name="Wait Until Element Is Visible" library="AppiumLibrary">
<arg>${HEALTH_GROUP}</arg>
<doc>Waits until element specified with `locator` is visible.</doc>
<status status="PASS" starttime="20220705 13:30:22.484" endtime="20220705 13:30:23.199"/>
</kw>
<kw name="Click Element" library="AppiumLibrary">
<arg>${HEALTH_GROUP}</arg>
<doc>Click element identified by `locator`.</doc>
<msg timestamp="20220705 13:30:23.202" level="INFO">Clicking element 'xpath=//android.widget.TextView[@text='Health']'.</msg>
<status status="PASS" starttime="20220705 13:30:23.199" endtime="20220705 13:30:23.369"/>
</kw>
<kw name="Element Should Be Enabled" library="AppiumLibrary">
<arg>${NEXT_BUTTON}</arg>
<doc>Verifies that element identified with locator is enabled.</doc>
<msg timestamp="20220705 13:30:24.052" level="INFO">Element 'xpath=//android.view.ViewGroup[@content-desc="_"]/android.view.ViewGroup[3]/android.widget.Button' is enabled .</msg>
<status status="PASS" starttime="20220705 13:30:23.369" endtime="20220705 13:30:24.052"/>
</kw>
<kw name="Click Element" library="AppiumLibrary">
<arg>${NEXT_BUTTON}</arg>
<doc>Click element identified by `locator`.</doc>
<msg timestamp="20220705 13:30:24.055" level="INFO">Clicking element 'xpath=//android.view.ViewGroup[@content-desc="_"]/android.view.ViewGroup[3]/android.widget.Button'.</msg>
<status status="PASS" starttime="20220705 13:30:24.052" endtime="20220705 13:30:24.221"/>
</kw>
<status status="PASS" starttime="20220705 13:30:20.773" endtime="20220705 13:30:24.221"/>
</kw>
<kw name="LandingScreen.WhatAreYouLookingFor?Screen" library="LandingScreen">
<kw name="Wait Until Element Is Visible" library="AppiumLibrary">
<arg>${WHAT_ARE_YOU_LOOKING_FOR?_TITLE}</arg>
<doc>Waits until element specified with `locator` is visible.</doc>
<status status="PASS" starttime="20220705 13:30:24.222" endtime="20220705 13:30:25.420"/>
</kw>
<kw name="Wait Until Element Is Visible" library="AppiumLibrary">
<arg>${PROFESSIONAL_GROWTH}</arg>
<doc>Waits until element specified with `locator` is visible.</doc>
<status status="PASS" starttime="20220705 13:30:25.420" endtime="20220705 13:30:25.475"/>
</kw>
<kw name="Click Element" library="AppiumLibrary">
<arg>${PROFESSIONAL_GROWTH}</arg>
<doc>Click element identified by `locator`.</doc>
<msg timestamp="20220705 13:30:25.478" level="INFO">Clicking element 'xpath=//android.widget.TextView[@text='Professional growth']'.</msg>
<status status="PASS" starttime="20220705 13:30:25.476" endtime="20220705 13:30:25.580"/>
</kw>
<kw name="Wait Until Page Contains Element" library="AppiumLibrary">
<arg>${NEXT_BUTTON_SECOND}</arg>
<doc>Waits until element specified with `locator` appears on current page.</doc>
<status status="PASS" starttime="20220705 13:30:25.580" endtime="20220705 13:30:25.849"/>
</kw>
<kw name="Element Should Be Enabled" library="AppiumLibrary">
<arg>${NEXT_BUTTON_SECOND}</arg>
<doc>Verifies that element identified with locator is enabled.</doc>
<msg timestamp="20220705 13:30:26.294" level="INFO">Element 'xpath=//android.view.ViewGroup[@content-desc="_"]/android.view.ViewGroup[3]/android.widget.Button' is enabled .</msg>
<status status="PASS" starttime="20220705 13:30:25.849" endtime="20220705 13:30:26.294"/>
</kw>
<kw name="Click Element" library="AppiumLibrary">
<arg>${NEXT_BUTTON_SECOND}</arg>
<doc>Click element identified by `locator`.</doc>
<msg timestamp="20220705 13:30:26.297" level="INFO">Clicking element 'xpath=//android.view.ViewGroup[@content-desc="_"]/android.view.ViewGroup[3]/android.widget.Button'.</msg>
<status status="PASS" starttime="20220705 13:30:26.294" endtime="20220705 13:30:26.404"/>
</kw>
<status status="PASS" starttime="20220705 13:30:24.221" endtime="20220705 13:30:26.404"/>
</kw>
<kw name="LoginEmailScreen.CheckElementsVisible" library="LoginEmailScreen">
<kw name="Wait Until Page Contains Element" library="AppiumLibrary">
<arg>${SIGNIN_TITLE}</arg>
<doc>Waits until element specified with `locator` appears on current page.</doc>
<status status="PASS" starttime="20220705 13:30:26.405" endtime="20220705 13:30:27.568"/>
</kw>
<kw name="Wait Until Element Is Visible" library="AppiumLibrary">
<arg>${SIGNIN_TITLE}</arg>
<doc>Waits until element specified with `locator` is visible.</doc>
<status status="PASS" starttime="20220705 13:30:27.568" endtime="20220705 13:30:27.612"/>
</kw>
<kw name="Wait Until Element Is Visible" library="AppiumLibrary">
<arg>${SIGNIN_INTRO_MESSAGE}</arg>
<doc>Waits until element specified with `locator` is visible.</doc>
<status status="PASS" starttime="20220705 13:30:27.612" endtime="20220705 13:30:27.653"/>
</kw>
<kw name="Wait Until Element Is Visible" library="AppiumLibrary">
<arg>${CONTINUE_WITH_GOOGLE}</arg>
<doc>Waits until element specified with `locator` is visible.</doc>
<status status="PASS" starttime="20220705 13:30:27.653" endtime="20220705 13:30:27.685"/>
</kw>
<kw name="Wait Until Element Is Visible" library="AppiumLibrary">
<arg>${CONTINUE_WITH_FACEBOOK}</arg>
<doc>Waits until element specified with `locator` is visible.</doc>
<status status="PASS" starttime="20220705 13:30:27.685" endtime="20220705 13:30:27.716"/>
</kw>
<kw name="Wait Until Element Is Visible" library="AppiumLibrary">
<arg>${OR_USE_YOUR_EMAIL_LABEL}</arg>
<doc>Waits until element specified with `locator` is visible.</doc>
<status status="PASS" starttime="20220705 13:30:27.716" endtime="20220705 13:30:27.749"/>
</kw>
<kw name="Wait Until Element Is Visible" library="AppiumLibrary">
<arg>${EMAIL_LABEL}</arg>
<doc>Waits until element specified with `locator` is visible.</doc>
<status status="PASS" starttime="20220705 13:30:27.750" endtime="20220705 13:30:27.783"/>
</kw>
<kw name="Wait Until Element Is Visible" library="AppiumLibrary">
<arg>${SKIP_FOR_NOW_LABEL}</arg>
<doc>Waits until element specified with `locator` is visible.</doc>
<status status="PASS" starttime="20220705 13:30:27.783" endtime="20220705 13:30:27.816"/>
</kw>
<status status="PASS" starttime="20220705 13:30:26.405" endtime="20220705 13:30:27.816"/>
</kw>
<kw name="LoginEmailScreen.TypeInEmail" library="LoginEmailScreen">
<arg>${EMAIL_CREDENTIAL}</arg>
<kw name="Element Should Be Enabled" library="AppiumLibrary">
<arg>${EMAIL_INPUT_FIELD}</arg>
<doc>Verifies that element identified with locator is enabled.</doc>
<msg timestamp="20220705 13:30:27.855" level="INFO">Element 'xpath=//android.widget.EditText[@resource-id='EmailInput&gt;Input']' is enabled .</msg>
<status status="PASS" starttime="20220705 13:30:27.816" endtime="20220705 13:30:27.855"/>
</kw>
<kw name="Input Text" library="AppiumLibrary">
<arg>${EMAIL_INPUT_FIELD}</arg>
<arg>${EMAIL_CREDENTIAL}</arg>
<doc>Types the given `text` into text field identified by `locator`.</doc>
<msg timestamp="20220705 13:30:27.858" level="INFO">Typing text 'tg0008993@gmail.com' into text field 'xpath=//android.widget.EditText[@resource-id='EmailInput&gt;Input']'</msg>
<status status="PASS" starttime="20220705 13:30:27.855" endtime="20220705 13:30:27.901"/>
</kw>
<status status="PASS" starttime="20220705 13:30:27.816" endtime="20220705 13:30:27.901"/>
</kw>
<kw name="LoginEmailScreen.WaitAndClickContinueButton" library="LoginEmailScreen">
<kw name="Wait Until Page Contains Element" library="AppiumLibrary">
<arg>${CONTINUE_BUTTON}</arg>
<doc>Waits until element specified with `locator` appears on current page.</doc>
<status status="PASS" starttime="20220705 13:30:27.902" endtime="20220705 13:30:27.945"/>
</kw>
<kw name="Element Should Be Enabled" library="AppiumLibrary">
<arg>${CONTINUE_BUTTON}</arg>
<doc>Verifies that element identified with locator is enabled.</doc>
<msg timestamp="20220705 13:30:28.539" level="INFO">Element 'xpath=//android.widget.TextView[@text='Continue']' is enabled .</msg>
<status status="PASS" starttime="20220705 13:30:27.945" endtime="20220705 13:30:28.540"/>
</kw>
<kw name="Click Element" library="AppiumLibrary">
<arg>${CONTINUE_BUTTON}</arg>
<doc>Click element identified by `locator`.</doc>
<msg timestamp="20220705 13:30:28.543" level="INFO">Clicking element 'xpath=//android.widget.TextView[@text='Continue']'.</msg>
<status status="PASS" starttime="20220705 13:30:28.540" endtime="20220705 13:30:28.632"/>
</kw>
<status status="PASS" starttime="20220705 13:30:27.901" endtime="20220705 13:30:28.632"/>
</kw>
<kw name="LoginPasswordScreen.CheckElementsVisible" library="LoginPasswordScreen">
<kw name="Wait Until Page Contains Element" library="AppiumLibrary">
<arg>${WELCOME_BACK_TITLE}</arg>
<doc>Waits until element specified with `locator` appears on current page.</doc>
<status status="PASS" starttime="20220705 13:30:28.632" endtime="20220705 13:30:31.049"/>
</kw>
<kw name="Wait Until Element Is Visible" library="AppiumLibrary">
<arg>${WELCOME_BACK_TITLE}</arg>
<doc>Waits until element specified with `locator` is visible.</doc>
<status status="PASS" starttime="20220705 13:30:31.049" endtime="20220705 13:30:31.082"/>
</kw>
<kw name="Wait Until Element Is Visible" library="AppiumLibrary">
<arg>${INTRO_EMAIL}</arg>
<doc>Waits until element specified with `locator` is visible.</doc>
<status status="PASS" starttime="20220705 13:30:31.083" endtime="20220705 13:30:31.113"/>
</kw>
<kw name="Wait Until Element Is Visible" library="AppiumLibrary">
<arg>${PASSWORD_LABEL}</arg>
<doc>Waits until element specified with `locator` is visible.</doc>
<status status="PASS" starttime="20220705 13:30:31.113" endtime="20220705 13:30:31.151"/>
</kw>
<kw name="Wait Until Element Is Visible" library="AppiumLibrary">
<arg>${FORGOT_YOUR_PASSWORD_LABEL}</arg>
<doc>Waits until element specified with `locator` is visible.</doc>
<status status="PASS" starttime="20220705 13:30:31.151" endtime="20220705 13:30:31.183"/>
</kw>
<status status="PASS" starttime="20220705 13:30:28.632" endtime="20220705 13:30:31.183"/>
</kw>
<kw name="LoginPasswordScreen.CheckElementsEnabled" library="LoginPasswordScreen">
<kw name="Element Should Be Enabled" library="AppiumLibrary">
<arg>${PASSWORD_INPUT_FIELD}</arg>
<doc>Verifies that element identified with locator is enabled.</doc>
<msg timestamp="20220705 13:30:31.219" level="INFO">Element 'xpath=//android.widget.EditText[@resource-id='Password&gt;Input']' is enabled .</msg>
<status status="PASS" starttime="20220705 13:30:31.183" endtime="20220705 13:30:31.219"/>
</kw>
<kw name="Element Should Be Enabled" library="AppiumLibrary">
<arg>${CANCEL_BUTTON}</arg>
<doc>Verifies that element identified with locator is enabled.</doc>
<msg timestamp="20220705 13:30:31.261" level="INFO">Element 'xpath=//android.widget.TextView[@text='Cancel']' is enabled .</msg>
<status status="PASS" starttime="20220705 13:30:31.219" endtime="20220705 13:30:31.261"/>
</kw>
<status status="PASS" starttime="20220705 13:30:31.183" endtime="20220705 13:30:31.261"/>
</kw>
<kw name="LoginPasswordScreen.TypeInEmail" library="LoginPasswordScreen">
<arg>${PASSWORD_CREDENTIAL}</arg>
<kw name="Input Text" library="AppiumLibrary">
<arg>${PASSWORD_INPUT_FIELD}</arg>
<arg>${PASSWORD_CREDENTIAL}</arg>
<doc>Types the given `text` into text field identified by `locator`.</doc>
<msg timestamp="20220705 13:30:31.264" level="INFO">Typing text 'Test@123' into text field 'xpath=//android.widget.EditText[@resource-id='Password&gt;Input']'</msg>
<status status="PASS" starttime="20220705 13:30:31.262" endtime="20220705 13:30:31.301"/>
</kw>
<status status="PASS" starttime="20220705 13:30:31.261" endtime="20220705 13:30:31.302"/>
</kw>
<kw name="LoginPasswordScreen.WaitAndClickContinueButton" library="LoginPasswordScreen">
<kw name="Wait Until Page Contains Element" library="AppiumLibrary">
<arg>${CONTINUE_BUTTON}</arg>
<doc>Waits until element specified with `locator` appears on current page.</doc>
<status status="PASS" starttime="20220705 13:30:31.302" endtime="20220705 13:30:31.331"/>
</kw>
<kw name="Element Should Be Enabled" library="AppiumLibrary">
<arg>${CONTINUE_BUTTON}</arg>
<doc>Verifies that element identified with locator is enabled.</doc>
<msg timestamp="20220705 13:30:31.950" level="INFO">Element 'xpath=//android.widget.TextView[@text='Continue']' is enabled .</msg>
<status status="PASS" starttime="20220705 13:30:31.332" endtime="20220705 13:30:31.950"/>
</kw>
<kw name="Click Element" library="AppiumLibrary">
<arg>${CONTINUE_BUTTON}</arg>
<doc>Click element identified by `locator`.</doc>
<msg timestamp="20220705 13:30:31.953" level="INFO">Clicking element 'xpath=//android.widget.TextView[@text='Continue']'.</msg>
<status status="PASS" starttime="20220705 13:30:31.950" endtime="20220705 13:30:32.034"/>
</kw>
<status status="PASS" starttime="20220705 13:30:31.302" endtime="20220705 13:30:32.034"/>
</kw>
<kw name="HomeScreen.ElementsVisible" library="HomeScreen">
<kw name="Wait Until Page Contains Element" library="AppiumLibrary">
<arg>${HOME_SCREEN}</arg>
<doc>Waits until element specified with `locator` appears on current page.</doc>
<status status="PASS" starttime="20220705 13:30:32.035" endtime="20220705 13:30:32.066"/>
</kw>
<kw name="Wait Until Element Is Visible" library="AppiumLibrary">
<arg>${HOME_SCREEN}</arg>
<doc>Waits until element specified with `locator` is visible.</doc>
<status status="PASS" starttime="20220705 13:30:32.066" endtime="20220705 13:30:32.776"/>
</kw>
<kw name="Wait Until Element Is Visible" library="AppiumLibrary">
<arg>${HOME_SCREEN_TITLE}</arg>
<doc>Waits until element specified with `locator` is visible.</doc>
<status status="PASS" starttime="20220705 13:30:32.776" endtime="20220705 13:30:32.902"/>
</kw>
<kw name="Wait Until Page Contains Element" library="AppiumLibrary">
<arg>${SPOTLIGHT_TITLE}</arg>
<doc>Waits until element specified with `locator` appears on current page.</doc>
<status status="PASS" starttime="20220705 13:30:32.902" endtime="20220705 13:30:43.200"/>
</kw>
<kw name="Wait Until Element Is Visible" library="AppiumLibrary">
<arg>${SPOTLIGHT_IMAGE}</arg>
<doc>Waits until element specified with `locator` is visible.</doc>
<status status="PASS" starttime="20220705 13:30:43.201" endtime="20220705 13:30:47.267"/>
</kw>
<status status="PASS" starttime="20220705 13:30:32.035" endtime="20220705 13:30:47.267"/>
</kw>
<kw name="ProfileScreen.WaitAndClickProfileButton" library="ProfileScreen">
<kw name="Element Should Be Enabled" library="AppiumLibrary">
<arg>${PROFILE_ICON}</arg>
<doc>Verifies that element identified with locator is enabled.</doc>
<msg timestamp="20220705 13:30:47.324" level="INFO">Element 'xpath=//android.view.ViewGroup[@content-desc="BottomTab"]//android.view.ViewGroup//android.view.View//android.view.View[4]' is enabled .</msg>
<status status="PASS" starttime="20220705 13:30:47.268" endtime="20220705 13:30:47.324"/>
</kw>
<kw name="Click Element" library="AppiumLibrary">
<arg>${PROFILE_ICON}</arg>
<doc>Click element identified by `locator`.</doc>
<msg timestamp="20220705 13:30:47.326" level="INFO">Clicking element 'xpath=//android.view.ViewGroup[@content-desc="BottomTab"]//android.view.ViewGroup//android.view.View//android.view.View[4]'.</msg>
<status status="PASS" starttime="20220705 13:30:47.324" endtime="20220705 13:30:47.401"/>
</kw>
<status status="PASS" starttime="20220705 13:30:47.267" endtime="20220705 13:30:47.402"/>
</kw>
<kw name="ProfileScreen.CheckElementsVisible" library="ProfileScreen">
<kw name="Wait Until Page Contains Element" library="AppiumLibrary">
<arg>${TEST_ACCOUNT}</arg>
<doc>Waits until element specified with `locator` appears on current page.</doc>
<status status="PASS" starttime="20220705 13:30:47.402" endtime="20220705 13:30:48.152"/>
</kw>
<kw name="Wait Until Element Is Visible" library="AppiumLibrary">
<arg>${TEST_ACCOUNT}</arg>
<doc>Waits until element specified with `locator` is visible.</doc>
<status status="PASS" starttime="20220705 13:30:48.152" endtime="20220705 13:30:48.212"/>
</kw>
<status status="PASS" starttime="20220705 13:30:47.402" endtime="20220705 13:30:48.212"/>
</kw>
<kw name="ProfileScreen.WaitAndTapSettingsIcon" library="ProfileScreen">
<kw name="Wait Until Element Is Visible" library="AppiumLibrary">
<arg>${SETTINGS_ICON}</arg>
<doc>Waits until element specified with `locator` is visible.</doc>
<status status="PASS" starttime="20220705 13:30:48.212" endtime="20220705 13:30:48.268"/>
</kw>
<kw name="Click Element" library="AppiumLibrary">
<arg>${SETTINGS_ICON}</arg>
<doc>Click element identified by `locator`.</doc>
<msg timestamp="20220705 13:30:48.270" level="INFO">Clicking element 'xpath=(//android.widget.TextView[@resource-id='Typography'])[12]'.</msg>
<status status="PASS" starttime="20220705 13:30:48.268" endtime="20220705 13:30:48.369"/>
</kw>
<status status="PASS" starttime="20220705 13:30:48.212" endtime="20220705 13:30:48.369"/>
</kw>
<kw name="ProfileScreen.ScrollToElement" library="ProfileScreen">
<kw name="Wait Until Page Contains Element" library="AppiumLibrary">
<arg>${SETTINGS_LABEL}</arg>
<doc>Waits until element specified with `locator` appears on current page.</doc>
<status status="PASS" starttime="20220705 13:30:48.370" endtime="20220705 13:30:49.636"/>
</kw>
<kw name="Scroll" library="AppiumLibrary">
<arg>${LANGUAGES_LABEL}</arg>
<arg>${SETTINGS_LABEL}</arg>
<doc>Scrolls from one element to another
Key attributes for arbitrary elements are `id` and `name`. See
`introduction` for details about locating elements.</doc>
<status status="PASS" starttime="20220705 13:30:49.636" endtime="20220705 13:30:50.922"/>
</kw>
<kw name="Wait Until Page Contains Element" library="AppiumLibrary">
<arg>${SIGN_OUT_BUTTON}</arg>
<doc>Waits until element specified with `locator` appears on current page.</doc>
<status status="PASS" starttime="20220705 13:30:50.922" endtime="20220705 13:30:51.005"/>
</kw>
<status status="PASS" starttime="20220705 13:30:48.369" endtime="20220705 13:30:51.005"/>
</kw>
<kw name="ProfileScreen.WaitAndClickSignOutButton" library="ProfileScreen">
<kw name="Element Should Be Enabled" library="AppiumLibrary">
<arg>${SIGN_OUT_BUTTON}</arg>
<doc>Verifies that element identified with locator is enabled.</doc>
<msg timestamp="20220705 13:30:51.064" level="INFO">Element 'xpath=//android.widget.TextView[@text='Sign out']' is enabled .</msg>
<status status="PASS" starttime="20220705 13:30:51.006" endtime="20220705 13:30:51.064"/>
</kw>
<kw name="Click Element" library="AppiumLibrary">
<arg>${SIGN_OUT_BUTTON}</arg>
<doc>Click element identified by `locator`.</doc>
<msg timestamp="20220705 13:30:51.066" level="INFO">Clicking element 'xpath=//android.widget.TextView[@text='Sign out']'.</msg>
<status status="PASS" starttime="20220705 13:30:51.064" endtime="20220705 13:30:51.150"/>
</kw>
<kw name="Wait Until Page Contains Element" library="AppiumLibrary">
<arg>${SIGN_OUT_ON_POPUP}</arg>
<doc>Waits until element specified with `locator` appears on current page.</doc>
<status status="PASS" starttime="20220705 13:30:51.150" endtime="20220705 13:30:52.056"/>
</kw>
<kw name="Element Should Be Enabled" library="AppiumLibrary">
<arg>${SIGN_OUT_ON_POPUP}</arg>
<doc>Verifies that element identified with locator is enabled.</doc>
<msg timestamp="20220705 13:30:52.088" level="INFO">Element 'xpath=//android.widget.TextView[@text='SIGN OUT']' is enabled .</msg>
<status status="PASS" starttime="20220705 13:30:52.056" endtime="20220705 13:30:52.088"/>
</kw>
<kw name="Click Element" library="AppiumLibrary">
<arg>${SIGN_OUT_ON_POPUP}</arg>
<doc>Click element identified by `locator`.</doc>
<msg timestamp="20220705 13:30:52.091" level="INFO">Clicking element 'xpath=//android.widget.TextView[@text='SIGN OUT']'.</msg>
<status status="PASS" starttime="20220705 13:30:52.088" endtime="20220705 13:30:52.149"/>
</kw>
<status status="PASS" starttime="20220705 13:30:51.005" endtime="20220705 13:30:52.149"/>
</kw>
<kw name="LandingScreen.TitleAndMessageVisible" library="LandingScreen">
<kw name="Wait Until Page Contains Element" library="AppiumLibrary">
<arg>${WELCOME_TITLE}</arg>
<doc>Waits until element specified with `locator` appears on current page.</doc>
<status status="PASS" starttime="20220705 13:30:52.150" endtime="20220705 13:30:56.249"/>
</kw>
<kw name="Wait Until Element Is Visible" library="AppiumLibrary">
<arg>${WELCOME_TITLE}</arg>
<doc>Waits until element specified with `locator` is visible.</doc>
<status status="PASS" starttime="20220705 13:30:56.249" endtime="20220705 13:30:56.279"/>
</kw>
<kw name="Wait Until Element Is Visible" library="AppiumLibrary">
<arg>${WELCOME_MESSAGE}</arg>
<doc>Waits until element specified with `locator` is visible.</doc>
<status status="PASS" starttime="20220705 13:30:56.279" endtime="20220705 13:30:56.311"/>
</kw>
<status status="PASS" starttime="20220705 13:30:52.149" endtime="20220705 13:30:56.311"/>
</kw>
<kw name="AfterTest" library="TestSetup" type="TEARDOWN">
<kw name="Close App" library="TestSetupHelper">
<kw name="Close Application" library="AppiumLibrary">
<doc>Closes the current application and also close webdriver session.</doc>
<status status="PASS" starttime="20220705 13:30:56.312" endtime="20220705 13:30:56.702"/>
</kw>
<status status="PASS" starttime="20220705 13:30:56.312" endtime="20220705 13:30:56.703"/>
</kw>
<status status="PASS" starttime="20220705 13:30:56.311" endtime="20220705 13:30:56.703"/>
</kw>
<status status="PASS" starttime="20220705 13:30:03.900" endtime="20220705 13:30:56.703"/>
</test>
<doc>User Logs in and Logs out from the App</doc>
<status status="PASS" starttime="20220705 13:30:03.724" endtime="20220705 13:30:56.704"/>
</suite>
<statistics>
<total>
<stat pass="1" fail="0" skip="0">All Tests</stat>
</total>
<tag>
</tag>
<suite>
<stat pass="1" fail="0" skip="0" id="s1" name="Android Login Test">Android Login Test</stat>
</suite>
</statistics>
<errors>
</errors>
</robot>
