<?xml version="1.0" encoding="UTF-8"?>
<robot generator="Robot 5.0.1 (Python 3.10.5 on darwin)" generated="20220712 15:58:33.487" rpa="false" schemaversion="3">
<suite id="s1" name="Android Login Test" source="/Users/Jay/Desktop/Android-RF-Appium-Browswerstack/Tests/Android_Login_Test.robot">
<test id="s1-t1" name="User Logs in and Verifies the Home screen Elements" line="30">
<kw name="BeforeTest" library="TestSetup" type="SETUP">
<kw name="Launch App" library="TestSetupHelper">
<arg>${BROWSERSTACK_USERNAME}</arg>
<arg>${BROWSERSTACK_ACCESS_KEY}</arg>
<arg>${BROWSERSTACK_APP_ID}</arg>
<arg>${PLATFORM_NAME}</arg>
<arg>${OS_VERSION}</arg>
<arg>${DEVICE}</arg>
<arg>${TIMEOUT}</arg>
<kw name="Set Appium Timeout" library="AppiumLibrary">
<arg>${TIMEOUT}</arg>
<doc>Sets the timeout in seconds used by various keywords.</doc>
<status status="PASS" starttime="20220712 15:58:33.678" endtime="20220712 15:58:33.679"/>
</kw>
<kw name="Open Application" library="AppiumLibrary">
<arg>http://${BROWSERSTACK_USERNAME}:${BROWSERSTACK_ACCESS_KEY}@hub-cloud.browserstack.com/wd/hub</arg>
<arg>app=${BROWSERSTACK_APP_ID}</arg>
<arg>name=TED_Android_Login&amp;Logout_Test_SamsungGalaxyS22</arg>
<arg>build=RobotFramework_Appium_Android_SamsungGalaxyS22</arg>
<arg>platformName=${PLATFORM_NAME}</arg>
<arg>os_version=${OS_VERSION}</arg>
<arg>device=${DEVICE}</arg>
<doc>Opens a new application to given Appium server.
Capabilities of appium server, Android and iOS,
Please check https://github.com/appium/appium/blob/master/docs/en/writing-running-appium/server-args.md
| *Option*            | *Man.* | *Description*     |
| remote_url          | Yes    | Appium server url |
| alias               | no     | alias             |</doc>
<status status="PASS" starttime="20220712 15:58:33.679" endtime="20220712 15:59:05.397"/>
</kw>
<status status="PASS" starttime="20220712 15:58:33.678" endtime="20220712 15:59:05.398"/>
</kw>
<status status="PASS" starttime="20220712 15:58:33.677" endtime="20220712 15:59:05.398"/>
</kw>
<kw name="LandingScreen.TitleAndMessageVisible" library="LandingScreen">
<kw name="Wait Until Page Contains Element" library="AppiumLibrary">
<arg>${WELCOME_TITLE}</arg>
<doc>Waits until element specified with `locator` appears on current page.</doc>
<status status="PASS" starttime="20220712 15:59:05.399" endtime="20220712 15:59:10.101"/>
</kw>
<kw name="Wait Until Element Is Visible" library="AppiumLibrary">
<arg>${WELCOME_TITLE}</arg>
<doc>Waits until element specified with `locator` is visible.</doc>
<status status="PASS" starttime="20220712 15:59:10.101" endtime="20220712 15:59:10.379"/>
</kw>
<kw name="Wait Until Element Is Visible" library="AppiumLibrary">
<arg>${WELCOME_MESSAGE}</arg>
<doc>Waits until element specified with `locator` is visible.</doc>
<status status="PASS" starttime="20220712 15:59:10.379" endtime="20220712 15:59:10.657"/>
</kw>
<status status="PASS" starttime="20220712 15:59:05.398" endtime="20220712 15:59:10.657"/>
</kw>
<kw name="LandingScreen.WaitAndClickLetsGoButton" library="LandingScreen">
<kw name="Wait Until Element Is Visible" library="AppiumLibrary">
<arg>${LETS_GO_BUTTON}</arg>
<doc>Waits until element specified with `locator` is visible.</doc>
<status status="PASS" starttime="20220712 15:59:10.658" endtime="20220712 15:59:10.925"/>
</kw>
<kw name="Click Element" library="AppiumLibrary">
<arg>${LETS_GO_BUTTON}</arg>
<doc>Click element identified by `locator`.</doc>
<msg timestamp="20220712 15:59:10.929" level="INFO">Clicking element 'xpath=//android.widget.Button[@content-desc="Let's go!, Tap to get started, answering two quick questions and improving our services"]'.</msg>
<status status="PASS" starttime="20220712 15:59:10.925" endtime="20220712 15:59:11.207"/>
</kw>
<status status="PASS" starttime="20220712 15:59:10.658" endtime="20220712 15:59:11.208"/>
</kw>
<kw name="LandingScreen.WhatInterestsYou?Screen" library="LandingScreen">
<kw name="Wait Until Element Is Visible" library="AppiumLibrary">
<arg>${WHAT_INTERESTS_YOU?_TITLE}</arg>
<doc>Waits until element specified with `locator` is visible.</doc>
<status status="PASS" starttime="20220712 15:59:11.208" endtime="20220712 15:59:12.809"/>
</kw>
<kw name="Wait Until Element Is Visible" library="AppiumLibrary">
<arg>${TECHNOLOGY_GROUP}</arg>
<doc>Waits until element specified with `locator` is visible.</doc>
<status status="PASS" starttime="20220712 15:59:12.810" endtime="20220712 15:59:13.305"/>
</kw>
<kw name="Click Element" library="AppiumLibrary">
<arg>${TECHNOLOGY_GROUP}</arg>
<doc>Click element identified by `locator`.</doc>
<msg timestamp="20220712 15:59:13.311" level="INFO">Clicking element 'xpath=//android.widget.TextView[@text='Technology']'.</msg>
<status status="PASS" starttime="20220712 15:59:13.305" endtime="20220712 15:59:13.851"/>
</kw>
<kw name="Wait Until Element Is Visible" library="AppiumLibrary">
<arg>${HEALTH_GROUP}</arg>
<doc>Waits until element specified with `locator` is visible.</doc>
<status status="PASS" starttime="20220712 15:59:13.851" endtime="20220712 15:59:14.718"/>
</kw>
<kw name="Click Element" library="AppiumLibrary">
<arg>${HEALTH_GROUP}</arg>
<doc>Click element identified by `locator`.</doc>
<msg timestamp="20220712 15:59:14.721" level="INFO">Clicking element 'xpath=//android.widget.TextView[@text='Health']'.</msg>
<status status="PASS" starttime="20220712 15:59:14.719" endtime="20220712 15:59:15.125"/>
</kw>
<kw name="Element Should Be Enabled" library="AppiumLibrary">
<arg>${NEXT_BUTTON}</arg>
<doc>Verifies that element identified with locator is enabled.</doc>
<msg timestamp="20220712 15:59:16.277" level="INFO">Element 'xpath=//android.view.ViewGroup[@content-desc="_"]/android.view.ViewGroup[3]/android.widget.Button' is enabled .</msg>
<status status="PASS" starttime="20220712 15:59:15.125" endtime="20220712 15:59:16.277"/>
</kw>
<kw name="Click Element" library="AppiumLibrary">
<arg>${NEXT_BUTTON}</arg>
<doc>Click element identified by `locator`.</doc>
<msg timestamp="20220712 15:59:16.280" level="INFO">Clicking element 'xpath=//android.view.ViewGroup[@content-desc="_"]/android.view.ViewGroup[3]/android.widget.Button'.</msg>
<status status="PASS" starttime="20220712 15:59:16.277" endtime="20220712 15:59:16.947"/>
</kw>
<status status="PASS" starttime="20220712 15:59:11.208" endtime="20220712 15:59:16.947"/>
</kw>
<kw name="LandingScreen.WhatAreYouLookingFor?Screen" library="LandingScreen">
<kw name="Wait Until Element Is Visible" library="AppiumLibrary">
<arg>${WHAT_ARE_YOU_LOOKING_FOR?_TITLE}</arg>
<doc>Waits until element specified with `locator` is visible.</doc>
<status status="PASS" starttime="20220712 15:59:16.948" endtime="20220712 15:59:18.189"/>
</kw>
<kw name="Wait Until Element Is Visible" library="AppiumLibrary">
<arg>${PROFESSIONAL_GROWTH}</arg>
<doc>Waits until element specified with `locator` is visible.</doc>
<status status="PASS" starttime="20220712 15:59:18.189" endtime="20220712 15:59:18.494"/>
</kw>
<kw name="Click Element" library="AppiumLibrary">
<arg>${PROFESSIONAL_GROWTH}</arg>
<doc>Click element identified by `locator`.</doc>
<msg timestamp="20220712 15:59:18.498" level="INFO">Clicking element 'xpath=//android.widget.TextView[@text='Professional growth']'.</msg>
<status status="PASS" starttime="20220712 15:59:18.495" endtime="20220712 15:59:18.877"/>
</kw>
<kw name="Wait Until Page Contains Element" library="AppiumLibrary">
<arg>${NEXT_BUTTON_SECOND}</arg>
<doc>Waits until element specified with `locator` appears on current page.</doc>
<status status="PASS" starttime="20220712 15:59:18.878" endtime="20220712 15:59:19.727"/>
</kw>
<kw name="Element Should Be Enabled" library="AppiumLibrary">
<arg>${NEXT_BUTTON_SECOND}</arg>
<doc>Verifies that element identified with locator is enabled.</doc>
<msg timestamp="20220712 15:59:20.157" level="INFO">Element 'xpath=//android.view.ViewGroup[@content-desc="_"]/android.view.ViewGroup[3]/android.widget.Button' is enabled .</msg>
<status status="PASS" starttime="20220712 15:59:19.727" endtime="20220712 15:59:20.158"/>
</kw>
<kw name="Click Element" library="AppiumLibrary">
<arg>${NEXT_BUTTON_SECOND}</arg>
<doc>Click element identified by `locator`.</doc>
<msg timestamp="20220712 15:59:20.160" level="INFO">Clicking element 'xpath=//android.view.ViewGroup[@content-desc="_"]/android.view.ViewGroup[3]/android.widget.Button'.</msg>
<status status="PASS" starttime="20220712 15:59:20.158" endtime="20220712 15:59:20.535"/>
</kw>
<status status="PASS" starttime="20220712 15:59:16.947" endtime="20220712 15:59:20.535"/>
</kw>
<kw name="LoginEmailScreen.CheckElementsVisible" library="LoginEmailScreen">
<kw name="Wait Until Page Contains Element" library="AppiumLibrary">
<arg>${SIGNIN_TITLE}</arg>
<doc>Waits until element specified with `locator` appears on current page.</doc>
<status status="PASS" starttime="20220712 15:59:20.536" endtime="20220712 15:59:20.955"/>
</kw>
<kw name="Wait Until Element Is Visible" library="AppiumLibrary">
<arg>${SIGNIN_TITLE}</arg>
<doc>Waits until element specified with `locator` is visible.</doc>
<status status="PASS" starttime="20220712 15:59:20.955" endtime="20220712 15:59:21.772"/>
</kw>
<kw name="Wait Until Element Is Visible" library="AppiumLibrary">
<arg>${SIGNIN_INTRO_MESSAGE}</arg>
<doc>Waits until element specified with `locator` is visible.</doc>
<status status="PASS" starttime="20220712 15:59:21.772" endtime="20220712 15:59:22.029"/>
</kw>
<kw name="Wait Until Element Is Visible" library="AppiumLibrary">
<arg>${CONTINUE_WITH_GOOGLE}</arg>
<doc>Waits until element specified with `locator` is visible.</doc>
<status status="PASS" starttime="20220712 15:59:22.030" endtime="20220712 15:59:22.341"/>
</kw>
<kw name="Wait Until Element Is Visible" library="AppiumLibrary">
<arg>${CONTINUE_WITH_FACEBOOK}</arg>
<doc>Waits until element specified with `locator` is visible.</doc>
<status status="PASS" starttime="20220712 15:59:22.341" endtime="20220712 15:59:22.633"/>
</kw>
<kw name="Wait Until Element Is Visible" library="AppiumLibrary">
<arg>${OR_USE_YOUR_EMAIL_LABEL}</arg>
<doc>Waits until element specified with `locator` is visible.</doc>
<status status="PASS" starttime="20220712 15:59:22.633" endtime="20220712 15:59:22.979"/>
</kw>
<kw name="Wait Until Element Is Visible" library="AppiumLibrary">
<arg>${EMAIL_LABEL}</arg>
<doc>Waits until element specified with `locator` is visible.</doc>
<status status="PASS" starttime="20220712 15:59:22.979" endtime="20220712 15:59:23.279"/>
</kw>
<kw name="Wait Until Element Is Visible" library="AppiumLibrary">
<arg>${SKIP_FOR_NOW_LABEL}</arg>
<doc>Waits until element specified with `locator` is visible.</doc>
<status status="PASS" starttime="20220712 15:59:23.279" endtime="20220712 15:59:23.565"/>
</kw>
<status status="PASS" starttime="20220712 15:59:20.536" endtime="20220712 15:59:23.565"/>
</kw>
<kw name="LoginEmailScreen.TypeInEmail" library="LoginEmailScreen">
<arg>${EMAIL_CREDENTIAL}</arg>
<kw name="Element Should Be Enabled" library="AppiumLibrary">
<arg>${EMAIL_INPUT_FIELD}</arg>
<doc>Verifies that element identified with locator is enabled.</doc>
<msg timestamp="20220712 15:59:23.885" level="INFO">Element 'xpath=//android.widget.EditText[@resource-id='EmailInput&gt;Input']' is enabled .</msg>
<status status="PASS" starttime="20220712 15:59:23.566" endtime="20220712 15:59:23.885"/>
</kw>
<kw name="Input Text" library="AppiumLibrary">
<arg>${EMAIL_INPUT_FIELD}</arg>
<arg>${EMAIL_CREDENTIAL}</arg>
<doc>Types the given `text` into text field identified by `locator`.</doc>
<msg timestamp="20220712 15:59:23.888" level="INFO">Typing text 'tg0008993@gmail.com' into text field 'xpath=//android.widget.EditText[@resource-id='EmailInput&gt;Input']'</msg>
<status status="PASS" starttime="20220712 15:59:23.885" endtime="20220712 15:59:24.213"/>
</kw>
<status status="PASS" starttime="20220712 15:59:23.565" endtime="20220712 15:59:24.213"/>
</kw>
<kw name="LoginEmailScreen.WaitAndClickContinueButton" library="LoginEmailScreen">
<kw name="Wait Until Page Contains Element" library="AppiumLibrary">
<arg>${CONTINUE_BUTTON}</arg>
<doc>Waits until element specified with `locator` appears on current page.</doc>
<status status="PASS" starttime="20220712 15:59:24.214" endtime="20220712 15:59:24.884"/>
</kw>
<kw name="Element Should Be Enabled" library="AppiumLibrary">
<arg>${CONTINUE_BUTTON}</arg>
<doc>Verifies that element identified with locator is enabled.</doc>
<msg timestamp="20220712 15:59:25.160" level="INFO">Element 'xpath=//android.widget.TextView[@text='Continue']' is enabled .</msg>
<status status="PASS" starttime="20220712 15:59:24.884" endtime="20220712 15:59:25.160"/>
</kw>
<kw name="Click Element" library="AppiumLibrary">
<arg>${CONTINUE_BUTTON}</arg>
<doc>Click element identified by `locator`.</doc>
<msg timestamp="20220712 15:59:25.163" level="INFO">Clicking element 'xpath=//android.widget.TextView[@text='Continue']'.</msg>
<status status="PASS" starttime="20220712 15:59:25.160" endtime="20220712 15:59:25.555"/>
</kw>
<status status="PASS" starttime="20220712 15:59:24.213" endtime="20220712 15:59:25.556"/>
</kw>
<kw name="LoginPasswordScreen.CheckElementsVisible" library="LoginPasswordScreen">
<kw name="Wait Until Page Contains Element" library="AppiumLibrary">
<arg>${WELCOME_BACK_TITLE}</arg>
<doc>Waits until element specified with `locator` appears on current page.</doc>
<status status="PASS" starttime="20220712 15:59:25.556" endtime="20220712 15:59:27.629"/>
</kw>
<kw name="Wait Until Element Is Visible" library="AppiumLibrary">
<arg>${WELCOME_BACK_TITLE}</arg>
<doc>Waits until element specified with `locator` is visible.</doc>
<status status="PASS" starttime="20220712 15:59:27.630" endtime="20220712 15:59:27.922"/>
</kw>
<kw name="Wait Until Element Is Visible" library="AppiumLibrary">
<arg>${INTRO_EMAIL}</arg>
<doc>Waits until element specified with `locator` is visible.</doc>
<status status="PASS" starttime="20220712 15:59:27.922" endtime="20220712 15:59:28.218"/>
</kw>
<kw name="Wait Until Element Is Visible" library="AppiumLibrary">
<arg>${PASSWORD_LABEL}</arg>
<doc>Waits until element specified with `locator` is visible.</doc>
<status status="PASS" starttime="20220712 15:59:28.218" endtime="20220712 15:59:28.439"/>
</kw>
<kw name="Wait Until Element Is Visible" library="AppiumLibrary">
<arg>${FORGOT_YOUR_PASSWORD_LABEL}</arg>
<doc>Waits until element specified with `locator` is visible.</doc>
<status status="PASS" starttime="20220712 15:59:28.440" endtime="20220712 15:59:28.719"/>
</kw>
<status status="PASS" starttime="20220712 15:59:25.556" endtime="20220712 15:59:28.719"/>
</kw>
<kw name="LoginPasswordScreen.CheckElementsEnabled" library="LoginPasswordScreen">
<kw name="Element Should Be Enabled" library="AppiumLibrary">
<arg>${PASSWORD_INPUT_FIELD}</arg>
<doc>Verifies that element identified with locator is enabled.</doc>
<msg timestamp="20220712 15:59:28.987" level="INFO">Element 'xpath=//android.widget.EditText[@resource-id='Password&gt;Input']' is enabled .</msg>
<status status="PASS" starttime="20220712 15:59:28.720" endtime="20220712 15:59:28.988"/>
</kw>
<kw name="Element Should Be Enabled" library="AppiumLibrary">
<arg>${CANCEL_BUTTON}</arg>
<doc>Verifies that element identified with locator is enabled.</doc>
<msg timestamp="20220712 15:59:29.275" level="INFO">Element 'xpath=//android.widget.TextView[@text='Cancel']' is enabled .</msg>
<status status="PASS" starttime="20220712 15:59:28.988" endtime="20220712 15:59:29.276"/>
</kw>
<status status="PASS" starttime="20220712 15:59:28.719" endtime="20220712 15:59:29.276"/>
</kw>
<kw name="LoginPasswordScreen.TypeInEmail" library="LoginPasswordScreen">
<arg>${PASSWORD_CREDENTIAL}</arg>
<kw name="Input Text" library="AppiumLibrary">
<arg>${PASSWORD_INPUT_FIELD}</arg>
<arg>${PASSWORD_CREDENTIAL}</arg>
<doc>Types the given `text` into text field identified by `locator`.</doc>
<msg timestamp="20220712 15:59:29.279" level="INFO">Typing text 'Test@123' into text field 'xpath=//android.widget.EditText[@resource-id='Password&gt;Input']'</msg>
<status status="PASS" starttime="20220712 15:59:29.276" endtime="20220712 15:59:29.595"/>
</kw>
<status status="PASS" starttime="20220712 15:59:29.276" endtime="20220712 15:59:29.596"/>
</kw>
<kw name="LoginPasswordScreen.WaitAndClickContinueButton" library="LoginPasswordScreen">
<kw name="Wait Until Page Contains Element" library="AppiumLibrary">
<arg>${CONTINUE_BUTTON}</arg>
<doc>Waits until element specified with `locator` appears on current page.</doc>
<status status="PASS" starttime="20220712 15:59:29.596" endtime="20220712 15:59:30.290"/>
</kw>
<kw name="Element Should Be Enabled" library="AppiumLibrary">
<arg>${CONTINUE_BUTTON}</arg>
<doc>Verifies that element identified with locator is enabled.</doc>
<msg timestamp="20220712 15:59:30.545" level="INFO">Element 'xpath=//android.widget.TextView[@text='Continue']' is enabled .</msg>
<status status="PASS" starttime="20220712 15:59:30.290" endtime="20220712 15:59:30.545"/>
</kw>
<kw name="Click Element" library="AppiumLibrary">
<arg>${CONTINUE_BUTTON}</arg>
<doc>Click element identified by `locator`.</doc>
<msg timestamp="20220712 15:59:30.549" level="INFO">Clicking element 'xpath=//android.widget.TextView[@text='Continue']'.</msg>
<status status="PASS" starttime="20220712 15:59:30.546" endtime="20220712 15:59:30.860"/>
</kw>
<status status="PASS" starttime="20220712 15:59:29.596" endtime="20220712 15:59:30.860"/>
</kw>
<kw name="HomeScreen.ElementsVisible" library="HomeScreen">
<kw name="Wait Until Page Contains Element" library="AppiumLibrary">
<arg>${HOME_SCREEN}</arg>
<doc>Waits until element specified with `locator` appears on current page.</doc>
<status status="PASS" starttime="20220712 15:59:30.861" endtime="20220712 15:59:31.707"/>
</kw>
<kw name="Wait Until Element Is Visible" library="AppiumLibrary">
<arg>${HOME_SCREEN}</arg>
<doc>Waits until element specified with `locator` is visible.</doc>
<status status="PASS" starttime="20220712 15:59:31.707" endtime="20220712 15:59:31.952"/>
</kw>
<kw name="Wait Until Element Is Visible" library="AppiumLibrary">
<arg>${HOME_SCREEN_TITLE}</arg>
<doc>Waits until element specified with `locator` is visible.</doc>
<status status="PASS" starttime="20220712 15:59:31.952" endtime="20220712 15:59:32.214"/>
</kw>
<kw name="Wait Until Page Contains Element" library="AppiumLibrary">
<arg>${SPOTLIGHT_TITLE}</arg>
<doc>Waits until element specified with `locator` appears on current page.</doc>
<status status="PASS" starttime="20220712 15:59:32.214" endtime="20220712 15:59:44.842"/>
</kw>
<kw name="Wait Until Element Is Visible" library="AppiumLibrary">
<arg>${SPOTLIGHT_IMAGE}</arg>
<doc>Waits until element specified with `locator` is visible.</doc>
<status status="PASS" starttime="20220712 15:59:44.842" endtime="20220712 15:59:45.181"/>
</kw>
<status status="PASS" starttime="20220712 15:59:30.860" endtime="20220712 15:59:45.181"/>
</kw>
<kw name="AfterTest" library="TestSetup" type="TEARDOWN">
<kw name="Close App" library="TestSetupHelper">
<kw name="Close Application" library="AppiumLibrary">
<doc>Closes the current application and also close webdriver session.</doc>
<status status="PASS" starttime="20220712 15:59:45.183" endtime="20220712 15:59:46.099"/>
</kw>
<status status="PASS" starttime="20220712 15:59:45.182" endtime="20220712 15:59:46.099"/>
</kw>
<status status="PASS" starttime="20220712 15:59:45.182" endtime="20220712 15:59:46.099"/>
</kw>
<status status="PASS" starttime="20220712 15:58:33.677" endtime="20220712 15:59:46.100"/>
</test>
<doc>User Logs in and Verifies the Home Screen</doc>
<status status="PASS" starttime="20220712 15:58:33.488" endtime="20220712 15:59:46.100"/>
</suite>
<statistics>
<total>
<stat pass="1" fail="0" skip="0">All Tests</stat>
</total>
<tag>
</tag>
<suite>
<stat pass="1" fail="0" skip="0" id="s1" name="Android Login Test">Android Login Test</stat>
</suite>
</statistics>
<errors>
</errors>
</robot>
